[debug] [2019-09-10T17:03:05.055Z] ----------------------------------------------------------------------
[debug] [2019-09-10T17:03:05.057Z] Command:       C:\Program Files\nodejs\node.exe C:\Users\USUARIO\AppData\Roaming\npm\node_modules\firebase-tools\lib\bin\firebase.js deploy --only hosting:appcliente
[debug] [2019-09-10T17:03:05.057Z] CLI Version:   7.3.1
[debug] [2019-09-10T17:03:05.057Z] Platform:      win32
[debug] [2019-09-10T17:03:05.057Z] Node Version:  v12.8.0
[debug] [2019-09-10T17:03:05.058Z] Time:          Tue Sep 10 2019 12:03:05 GMT-0500 (GMT-05:00)
[debug] [2019-09-10T17:03:05.058Z] ----------------------------------------------------------------------
[debug] 
[debug] [2019-09-10T17:03:05.069Z] > command requires scopes: ["email","openid","https://www.googleapis.com/auth/cloudplatformprojects.readonly","https://www.googleapis.com/auth/firebase","https://www.googleapis.com/auth/cloud-platform"]
[debug] [2019-09-10T17:03:05.070Z] > authorizing via signed-in user
[debug] [2019-09-10T17:03:05.071Z] [iam] checking project appcliente-611df for permissions ["firebase.projects.get","firebasehosting.sites.update"]
[debug] [2019-09-10T17:03:05.072Z] >>> HTTP REQUEST POST https://cloudresourcemanager.googleapis.com/v1/projects/appcliente-611df:testIamPermissions  

[debug] [2019-09-10T17:03:06.671Z] <<< HTTP RESPONSE 200
[debug] [2019-09-10T17:03:06.673Z] >>> HTTP REQUEST GET https://firebase.googleapis.com/v1beta1/projects/appcliente-611df  
 
[debug] [2019-09-10T17:03:08.071Z] <<< HTTP RESPONSE 200
[info] 
[info] === Deploying to 'appcliente-611df'...
[info] 
[info] i  deploying hosting
[info] 
[info] +  Deploy complete!
[info] 
[info] Project Console: https://console.firebase.google.com/project/appcliente-611df/overview
[debug] [2019-09-10T17:03:08.528Z] TypeError: Cannot read property 'deploys' of undefined
    at C:\Users\USUARIO\AppData\Roaming\npm\node_modules\firebase-tools\lib\deploy\index.js:84:36
    at processTicksAndRejections (internal/process/task_queues.js:85:5)
[error] 
[error] Error: An unexpected error has occurred.
